# Decision Matrix Log - 2026-02-16

## 03:14 UTC+1 - Matrix Check

### HA Integration Status:
- Version: v0.13.2 ✅
- Branch: main, synced with origin ✅
- Tests: 346 passed, 0 failed, 2 skipped ✅
- Working tree: Clean ✅
- Latest commit: e73de66 (feat(phase5): release v0.13.2)

### Core Add-on Status:
- Version: v0.8.3 ✅
- Branch: main, synced with origin ✅
- Working tree: 1 uncommitted change (config.json version sync 0.8.1→0.8.3)
- Latest commit: 836b3f5 (feat(phase5): release v0.8.3)

### Phase 5 Features Complete:
- Zone System v2: 6 zones with conflict resolution ✅
- Zone Conflict Resolution: 5 strategies ✅
- Zone State Persistence: HA Storage API ✅
- Brain Graph Panel: v0.8 with React frontend ✅
- Cross-Home Sync: v0.2 ✅
- Collective Intelligence: v0.2 ✅
- SystemHealth API ✅
- Character System v0.1: 5 presets ✅
- User Hints System ✅
- P0 Security: exec() → ast.parse(), SHA256, validation ✅

### Risk Assessment:
- No uncommitted code changes
- No pending releases needed
- Autopilot disabled (safety measure)
- Tests stable

### Decision:
- NO ACTION REQUIRED
- System healthy, both repos synced
- Next milestone: Performance Optimization (on user request)

---
Generated: 2026-02-16 03:14 Europe/Berlin